E1111 00:38:14.946660 20508 15720 gcs_redis_failure_detector.cc:37] Redis is inactive.
E1111 00:38:15.094698 20508 15720 gcs_redis_failure_detector.cc:37] Redis is inactive.
E1111 00:38:15.210729 20508 15720 gcs_redis_failure_detector.cc:37] Redis is inactive.
E1111 00:38:15.314757 20508 15720 gcs_redis_failure_detector.cc:37] Redis is inactive.
E1111 00:38:15.426811 20508 15720 gcs_redis_failure_detector.cc:37] Redis is inactive.
E1111 00:38:15.535667 20508 15720 gcs_redis_failure_detector.cc:37] Redis is inactive.
E1111 00:38:15.637698 20508 15720 gcs_redis_failure_detector.cc:37] Redis is inactive.
E1111 00:38:15.745726 20508 15720 gcs_redis_failure_detector.cc:37] Redis is inactive.
E1111 00:38:15.854681 20508 15720 gcs_redis_failure_detector.cc:37] Redis is inactive.
E1111 00:38:15.966709 20508 15720 gcs_redis_failure_detector.cc:37] Redis is inactive.
E1111 00:38:16.080871 20508 15720 gcs_redis_failure_detector.cc:37] Redis is inactive.
E1111 00:38:16.188899 20508 15720 gcs_redis_failure_detector.cc:37] Redis is inactive.
E1111 00:38:16.300932 20508 15720 gcs_redis_failure_detector.cc:37] Redis is inactive.
E1111 00:38:16.410516 20508 15720 gcs_redis_failure_detector.cc:37] Redis is inactive.
E1111 00:38:16.515110 20508 15720 gcs_redis_failure_detector.cc:37] Redis is inactive.
E1111 00:38:16.623152 20508 15720 gcs_redis_failure_detector.cc:37] Redis is inactive.
E1111 00:38:16.731165 20508 15720 gcs_redis_failure_detector.cc:37] Redis is inactive.
E1111 00:38:16.843195 20508 15720 gcs_redis_failure_detector.cc:37] Redis is inactive.
E1111 00:38:16.955226 20508 15720 gcs_redis_failure_detector.cc:37] Redis is inactive.
E1111 00:38:17.058082 20508 15720 gcs_redis_failure_detector.cc:37] Redis is inactive.
E1111 00:38:17.170111 20508 15720 gcs_redis_failure_detector.cc:37] Redis is inactive.
E1111 00:38:17.274163 20508 15720 gcs_redis_failure_detector.cc:37] Redis is inactive.
E1111 00:38:17.386175 20508 15720 gcs_redis_failure_detector.cc:37] Redis is inactive.
E1111 00:38:17.491659 20508 15720 gcs_redis_failure_detector.cc:37] Redis is inactive.
E1111 00:38:17.591925 20508 15720 gcs_redis_failure_detector.cc:37] Redis is inactive.
E1111 00:38:17.695976 20508 15720 gcs_redis_failure_detector.cc:37] Redis is inactive.
E1111 00:38:17.798066 20508 15720 gcs_redis_failure_detector.cc:37] Redis is inactive.
E1111 00:38:17.910123 20508 15720 gcs_redis_failure_detector.cc:37] Redis is inactive.
E1111 00:38:18.061313 20508 15720 gcs_redis_failure_detector.cc:37] Redis is inactive.
E1111 00:38:18.162393 20508 15720 gcs_redis_failure_detector.cc:37] Redis is inactive.
E1111 00:38:18.270668 20508 15720 gcs_redis_failure_detector.cc:37] Redis is inactive.
E1111 00:38:18.374737 20508 15720 gcs_redis_failure_detector.cc:37] Redis is inactive.
E1111 00:38:18.487049 20508 15720 gcs_redis_failure_detector.cc:37] Redis is inactive.
E1111 00:38:18.599143 20508 15720 gcs_redis_failure_detector.cc:37] Redis is inactive.
E1111 00:38:18.711526 20508 15720 gcs_redis_failure_detector.cc:37] Redis is inactive.
E1111 00:38:18.820258 20508 15720 gcs_redis_failure_detector.cc:37] Redis is inactive.
E1111 00:38:18.924258 20508 15720 gcs_redis_failure_detector.cc:37] Redis is inactive.
E1111 00:38:19.030167 20508 15720 gcs_redis_failure_detector.cc:37] Redis is inactive.
E1111 00:38:19.130170 20508 15720 gcs_redis_failure_detector.cc:37] Redis is inactive.
E1111 00:38:19.233170 20508 15720 gcs_redis_failure_detector.cc:37] Redis is inactive.
E1111 00:38:19.337191 20508 15720 gcs_redis_failure_detector.cc:37] Redis is inactive.
E1111 00:38:19.449651 20508 15720 gcs_redis_failure_detector.cc:37] Redis is inactive.
E1111 00:38:19.560734 20508 15720 gcs_redis_failure_detector.cc:37] Redis is inactive.
E1111 00:38:19.661650 20508 15720 gcs_redis_failure_detector.cc:37] Redis is inactive.
E1111 00:38:19.773679 20508 15720 gcs_redis_failure_detector.cc:37] Redis is inactive.
E1111 00:38:19.885736 20508 15720 gcs_redis_failure_detector.cc:37] Redis is inactive.
E1111 00:38:19.993763 20508 15720 gcs_redis_failure_detector.cc:37] Redis is inactive.
E1111 00:38:20.103631 20508 15720 gcs_redis_failure_detector.cc:37] Redis is inactive.
E1111 00:38:20.204352 20508 15720 gcs_redis_failure_detector.cc:37] Redis is inactive.
E1111 00:38:20.309620 20508 15720 gcs_redis_failure_detector.cc:37] Redis is inactive.
E1111 00:38:20.413400 20508 15720 gcs_redis_failure_detector.cc:37] Redis is inactive.
E1111 00:38:20.525122 20508 15720 gcs_redis_failure_detector.cc:37] Redis is inactive.
E1111 00:38:20.631348 20508 15720 gcs_redis_failure_detector.cc:37] Redis is inactive.
E1111 00:38:20.739357 20508 15720 gcs_redis_failure_detector.cc:37] Redis is inactive.
E1111 00:38:20.847386 20508 15720 gcs_redis_failure_detector.cc:37] Redis is inactive.
E1111 00:38:20.955418 20508 15720 gcs_redis_failure_detector.cc:37] Redis is inactive.
E1111 00:38:21.055444 20508 15720 gcs_redis_failure_detector.cc:37] Redis is inactive.
E1111 00:38:21.163709 20508 15720 gcs_redis_failure_detector.cc:37] Redis is inactive.
E1111 00:38:21.263876 20508 15720 gcs_redis_failure_detector.cc:37] Redis is inactive.
E1111 00:38:21.367803 20508 15720 gcs_redis_failure_detector.cc:37] Redis is inactive.
E1111 00:38:21.480044 20508 15720 gcs_redis_failure_detector.cc:37] Redis is inactive.
E1111 00:38:21.591848 20508 15720 gcs_redis_failure_detector.cc:37] Redis is inactive.
E1111 00:38:21.693053 20508 15720 gcs_redis_failure_detector.cc:37] Redis is inactive.
E1111 00:38:21.805083 20508 15720 gcs_redis_failure_detector.cc:37] Redis is inactive.
E1111 00:38:21.917105 20508 15720 gcs_redis_failure_detector.cc:37] Redis is inactive.
E1111 00:38:22.029131 20508 15720 gcs_redis_failure_detector.cc:37] Redis is inactive.
E1111 00:38:22.137262 20508 15720 gcs_redis_failure_detector.cc:37] Redis is inactive.
E1111 00:38:22.245332 20508 15720 gcs_redis_failure_detector.cc:37] Redis is inactive.
E1111 00:38:22.353356 20508 15720 gcs_redis_failure_detector.cc:37] Redis is inactive.
E1111 00:38:22.465409 20508 15720 gcs_redis_failure_detector.cc:37] Redis is inactive.
E1111 00:38:22.568809 20508 15720 gcs_redis_failure_detector.cc:37] Redis is inactive.
E1111 00:38:22.680819 20508 15720 gcs_redis_failure_detector.cc:37] Redis is inactive.
E1111 00:38:22.784837 20508 15720 gcs_redis_failure_detector.cc:37] Redis is inactive.
E1111 00:38:22.892865 20508 15720 gcs_redis_failure_detector.cc:37] Redis is inactive.
E1111 00:38:23.000913 20508 15720 gcs_redis_failure_detector.cc:37] Redis is inactive.
E1111 00:38:23.113101 20508 15720 gcs_redis_failure_detector.cc:37] Redis is inactive.
E1111 00:38:23.225216 20508 15720 gcs_redis_failure_detector.cc:37] Redis is inactive.
E1111 00:38:23.337217 20508 15720 gcs_redis_failure_detector.cc:37] Redis is inactive.
E1111 00:38:23.441253 20508 15720 gcs_redis_failure_detector.cc:37] Redis is inactive.
E1111 00:38:23.547996 20508 15720 gcs_redis_failure_detector.cc:37] Redis is inactive.
E1111 00:38:23.655999 20508 15720 gcs_redis_failure_detector.cc:37] Redis is inactive.
E1111 00:38:23.764052 20508 15720 gcs_redis_failure_detector.cc:37] Redis is inactive.
E1111 00:38:23.873745 20508 15720 gcs_redis_failure_detector.cc:37] Redis is inactive.
E1111 00:38:23.985560 20508 15720 gcs_redis_failure_detector.cc:37] Redis is inactive.
E1111 00:38:24.089607 20508 15720 gcs_redis_failure_detector.cc:37] Redis is inactive.
E1111 00:38:24.197615 20508 15720 gcs_redis_failure_detector.cc:37] Redis is inactive.
E1111 00:38:24.309650 20508 15720 gcs_redis_failure_detector.cc:37] Redis is inactive.
E1111 00:38:24.417677 20508 15720 gcs_redis_failure_detector.cc:37] Redis is inactive.
E1111 00:38:24.521726 20508 15720 gcs_redis_failure_detector.cc:37] Redis is inactive.
E1111 00:38:24.633730 20508 15720 gcs_redis_failure_detector.cc:37] Redis is inactive.
E1111 00:38:24.745762 20508 15720 gcs_redis_failure_detector.cc:37] Redis is inactive.
E1111 00:38:24.853790 20508 15720 gcs_redis_failure_detector.cc:37] Redis is inactive.
E1111 00:38:24.962932 20508 15720 gcs_redis_failure_detector.cc:37] Redis is inactive.
E1111 00:38:25.070961 20508 15720 gcs_redis_failure_detector.cc:37] Redis is inactive.
E1111 00:38:25.180435 20508 15720 gcs_redis_failure_detector.cc:37] Redis is inactive.
E1111 00:38:25.285181 20508 15720 gcs_redis_failure_detector.cc:37] Redis is inactive.
E1111 00:38:25.393497 20508 15720 gcs_redis_failure_detector.cc:37] Redis is inactive.
E1111 00:38:25.501502 20508 15720 gcs_redis_failure_detector.cc:37] Redis is inactive.
E1111 00:38:25.609529 20508 15720 gcs_redis_failure_detector.cc:37] Redis is inactive.
E1111 00:38:25.717646 20508 15720 gcs_redis_failure_detector.cc:37] Redis is inactive.
E1111 00:38:25.821650 20508 15720 gcs_redis_failure_detector.cc:37] Redis is inactive.
E1111 00:38:25.937677 20508 15720 gcs_redis_failure_detector.cc:37] Redis is inactive.
E1111 00:38:26.039307 20508 15720 gcs_redis_failure_detector.cc:37] Redis is inactive.
E1111 00:38:26.144068 20508 15720 gcs_redis_failure_detector.cc:37] Redis is inactive.
E1111 00:38:26.252218 20508 15720 gcs_redis_failure_detector.cc:37] Redis is inactive.
E1111 00:38:26.365036 20508 15720 gcs_redis_failure_detector.cc:37] Redis is inactive.
E1111 00:38:26.465039 20508 15720 gcs_redis_failure_detector.cc:37] Redis is inactive.
E1111 00:38:26.573066 20508 15720 gcs_redis_failure_detector.cc:37] Redis is inactive.
E1111 00:38:26.681092 20508 15720 gcs_redis_failure_detector.cc:37] Redis is inactive.
E1111 00:38:26.782013 20508 15720 gcs_redis_failure_detector.cc:37] Redis is inactive.
E1111 00:38:26.904706 20508 15720 gcs_redis_failure_detector.cc:37] Redis is inactive.
E1111 00:38:27.012759 20508 15720 gcs_redis_failure_detector.cc:37] Redis is inactive.
E1111 00:38:27.120769 20508 15720 gcs_redis_failure_detector.cc:37] Redis is inactive.
E1111 00:38:27.228832 20508 15720 gcs_redis_failure_detector.cc:37] Redis is inactive.
E1111 00:38:27.333130 20508 15720 gcs_redis_failure_detector.cc:37] Redis is inactive.
E1111 00:38:27.445144 20508 15720 gcs_redis_failure_detector.cc:37] Redis is inactive.
E1111 00:38:27.553197 20508 15720 gcs_redis_failure_detector.cc:37] Redis is inactive.
E1111 00:38:27.661199 20508 15720 gcs_redis_failure_detector.cc:37] Redis is inactive.
E1111 00:38:27.766197 20508 15720 gcs_redis_failure_detector.cc:37] Redis is inactive.
E1111 00:38:27.877686 20508 15720 gcs_redis_failure_detector.cc:37] Redis is inactive.
E1111 00:38:27.994089 20508 15720 gcs_redis_failure_detector.cc:37] Redis is inactive.
E1111 00:38:28.098119 20508 15720 gcs_redis_failure_detector.cc:37] Redis is inactive.
E1111 00:38:28.202147 20508 15720 gcs_redis_failure_detector.cc:37] Redis is inactive.
E1111 00:38:28.311748 20508 15720 gcs_redis_failure_detector.cc:37] Redis is inactive.
E1111 00:38:28.422214 20508 15720 gcs_redis_failure_detector.cc:37] Redis is inactive.
E1111 00:38:28.527734 20508 15720 gcs_redis_failure_detector.cc:37] Redis is inactive.
E1111 00:38:28.639322 20508 15720 gcs_redis_failure_detector.cc:37] Redis is inactive.
E1111 00:38:28.747390 20508 15720 gcs_redis_failure_detector.cc:37] Redis is inactive.
E1111 00:38:28.859427 20508 15720 gcs_redis_failure_detector.cc:37] Redis is inactive.
E1111 00:38:28.971415 20508 15720 gcs_redis_failure_detector.cc:37] Redis is inactive.
E1111 00:38:29.075443 20508 15720 gcs_redis_failure_detector.cc:37] Redis is inactive.
E1111 00:38:29.187469 20508 15720 gcs_redis_failure_detector.cc:37] Redis is inactive.
E1111 00:38:29.295650 20508 15720 gcs_redis_failure_detector.cc:37] Redis is inactive.
E1111 00:38:29.409132 20508 15720 gcs_redis_failure_detector.cc:37] Redis is inactive.
E1111 00:38:29.521183 20508 15720 gcs_redis_failure_detector.cc:37] Redis is inactive.
E1111 00:38:29.629259 20508 15720 gcs_redis_failure_detector.cc:37] Redis is inactive.
E1111 00:38:29.741533 20508 15720 gcs_redis_failure_detector.cc:37] Redis is inactive.
E1111 00:38:29.853575 20508 15720 gcs_redis_failure_detector.cc:37] Redis is inactive.
E1111 00:38:30.015898 20508 15720 gcs_redis_failure_detector.cc:37] Redis is inactive.
E1111 00:38:30.131930 20508 15720 gcs_redis_failure_detector.cc:37] Redis is inactive.
E1111 00:38:30.253211 20508 15720 gcs_redis_failure_detector.cc:37] Redis is inactive.
E1111 00:38:30.357239 20508 15720 gcs_redis_failure_detector.cc:37] Redis is inactive.
E1111 00:38:30.469269 20508 15720 gcs_redis_failure_detector.cc:37] Redis is inactive.
E1111 00:38:30.577322 20508 15720 gcs_redis_failure_detector.cc:37] Redis is inactive.
E1111 00:38:30.685350 20508 15720 gcs_redis_failure_detector.cc:37] Redis is inactive.
E1111 00:38:30.788180 20508 15720 gcs_redis_failure_detector.cc:37] Redis is inactive.
E1111 00:38:30.898169 20508 15720 gcs_redis_failure_detector.cc:37] Redis is inactive.
E1111 00:38:31.009887 20508 15720 gcs_redis_failure_detector.cc:37] Redis is inactive.
E1111 00:38:31.121942 20508 15720 gcs_redis_failure_detector.cc:37] Redis is inactive.
E1111 00:38:31.229949 20508 15720 gcs_redis_failure_detector.cc:37] Redis is inactive.
E1111 00:38:31.341974 20508 15720 gcs_redis_failure_detector.cc:37] Redis is inactive.
E1111 00:38:31.446002 20508 15720 gcs_redis_failure_detector.cc:37] Redis is inactive.
E1111 00:38:31.554033 20508 15720 gcs_redis_failure_detector.cc:37] Redis is inactive.
E1111 00:38:31.662353 20508 15720 gcs_redis_failure_detector.cc:37] Redis is inactive.
E1111 00:38:31.768458 20508 15720 gcs_redis_failure_detector.cc:37] Redis is inactive.
E1111 00:38:31.876468 20508 15720 gcs_redis_failure_detector.cc:37] Redis is inactive.
E1111 00:38:31.980698 20508 15720 gcs_redis_failure_detector.cc:37] Redis is inactive.
E1111 00:38:32.084725 20508 15720 gcs_redis_failure_detector.cc:37] Redis is inactive.
E1111 00:38:32.193548 20508 15720 gcs_redis_failure_detector.cc:37] Redis is inactive.
E1111 00:38:32.305573 20508 15720 gcs_redis_failure_detector.cc:37] Redis is inactive.
E1111 00:38:32.417627 20508 15720 gcs_redis_failure_detector.cc:37] Redis is inactive.
E1111 00:38:32.529642 20508 15720 gcs_redis_failure_detector.cc:37] Redis is inactive.
E1111 00:38:32.631377 20508 15720 gcs_redis_failure_detector.cc:37] Redis is inactive.
E1111 00:38:32.743379 20508 15720 gcs_redis_failure_detector.cc:37] Redis is inactive.
E1111 00:38:32.855434 20508 15720 gcs_redis_failure_detector.cc:37] Redis is inactive.
E1111 00:38:32.957587 20508 15720 gcs_redis_failure_detector.cc:37] Redis is inactive.
E1111 00:38:33.065702 20508 15720 gcs_redis_failure_detector.cc:37] Redis is inactive.
E1111 00:38:33.173424 20508 15720 gcs_redis_failure_detector.cc:37] Redis is inactive.
E1111 00:38:33.285564 20508 15720 gcs_redis_failure_detector.cc:37] Redis is inactive.
E1111 00:38:33.385586 20508 15720 gcs_redis_failure_detector.cc:37] Redis is inactive.
E1111 00:38:33.493638 20508 15720 gcs_redis_failure_detector.cc:37] Redis is inactive.
E1111 00:38:33.600626 20508 15720 gcs_redis_failure_detector.cc:37] Redis is inactive.
E1111 00:38:33.712649 20508 15720 gcs_redis_failure_detector.cc:37] Redis is inactive.
E1111 00:38:33.824700 20508 15720 gcs_redis_failure_detector.cc:37] Redis is inactive.
E1111 00:38:33.932704 20508 15720 gcs_redis_failure_detector.cc:37] Redis is inactive.
E1111 00:38:34.044726 20508 15720 gcs_redis_failure_detector.cc:37] Redis is inactive.
E1111 00:38:34.149448 20508 15720 gcs_redis_failure_detector.cc:37] Redis is inactive.
E1111 00:38:34.254091 20508 15720 gcs_redis_failure_detector.cc:37] Redis is inactive.
E1111 00:38:34.366124 20508 15720 gcs_redis_failure_detector.cc:37] Redis is inactive.
E1111 00:38:34.470149 20508 15720 gcs_redis_failure_detector.cc:37] Redis is inactive.
E1111 00:38:34.578179 20508 15720 gcs_redis_failure_detector.cc:37] Redis is inactive.
E1111 00:38:34.681764 20508 15720 gcs_redis_failure_detector.cc:37] Redis is inactive.
E1111 00:38:34.793944 20508 15720 gcs_redis_failure_detector.cc:37] Redis is inactive.
E1111 00:38:34.894346 20508 15720 gcs_redis_failure_detector.cc:37] Redis is inactive.
E1111 00:38:35.006376 20508 15720 gcs_redis_failure_detector.cc:37] Redis is inactive.
E1111 00:38:35.118402 20508 15720 gcs_redis_failure_detector.cc:37] Redis is inactive.
E1111 00:38:35.226433 20508 15720 gcs_redis_failure_detector.cc:37] Redis is inactive.
E1111 00:38:35.327311 20508 15720 gcs_redis_failure_detector.cc:37] Redis is inactive.
E1111 00:38:35.435317 20508 15720 gcs_redis_failure_detector.cc:37] Redis is inactive.
E1111 00:38:35.547369 20508 15720 gcs_redis_failure_detector.cc:37] Redis is inactive.
E1111 00:38:35.659379 20508 15720 gcs_redis_failure_detector.cc:37] Redis is inactive.
E1111 00:38:35.771458 20508 15720 gcs_redis_failure_detector.cc:37] Redis is inactive.
E1111 00:38:35.876516 20508 15720 gcs_redis_failure_detector.cc:37] Redis is inactive.
E1111 00:38:35.988567 20508 15720 gcs_redis_failure_detector.cc:37] Redis is inactive.
E1111 00:38:36.100634 20508 15720 gcs_redis_failure_detector.cc:37] Redis is inactive.
E1111 00:38:36.212667 20508 15720 gcs_redis_failure_detector.cc:37] Redis is inactive.
E1111 00:38:36.314046 20508 15720 gcs_redis_failure_detector.cc:37] Redis is inactive.
E1111 00:38:36.426051 20508 15720 gcs_redis_failure_detector.cc:37] Redis is inactive.
E1111 00:38:36.526103 20508 15720 gcs_redis_failure_detector.cc:37] Redis is inactive.
E1111 00:38:36.634105 20508 15720 gcs_redis_failure_detector.cc:37] Redis is inactive.
E1111 00:38:36.746134 20508 15720 gcs_redis_failure_detector.cc:37] Redis is inactive.
E1111 00:38:36.854188 20508 15720 gcs_redis_failure_detector.cc:37] Redis is inactive.
E1111 00:38:36.966240 20508 15720 gcs_redis_failure_detector.cc:37] Redis is inactive.
E1111 00:38:37.070219 20508 15720 gcs_redis_failure_detector.cc:37] Redis is inactive.
E1111 00:38:37.182648 20508 15720 gcs_redis_failure_detector.cc:37] Redis is inactive.
E1111 00:38:37.290652 20508 15720 gcs_redis_failure_detector.cc:37] Redis is inactive.
E1111 00:38:37.398705 20508 15720 gcs_redis_failure_detector.cc:37] Redis is inactive.
E1111 00:38:37.506709 20508 15720 gcs_redis_failure_detector.cc:37] Redis is inactive.
E1111 00:38:37.615622 20508 15720 gcs_redis_failure_detector.cc:37] Redis is inactive.
E1111 00:38:37.722838 20508 15720 gcs_redis_failure_detector.cc:37] Redis is inactive.
E1111 00:38:37.827471 20508 15720 gcs_redis_failure_detector.cc:37] Redis is inactive.
E1111 00:38:37.939292 20508 15720 gcs_redis_failure_detector.cc:37] Redis is inactive.
E1111 00:38:38.047345 20508 15720 gcs_redis_failure_detector.cc:37] Redis is inactive.
E1111 00:38:38.159349 20508 15720 gcs_redis_failure_detector.cc:37] Redis is inactive.
E1111 00:38:38.260911 20508 15720 gcs_redis_failure_detector.cc:37] Redis is inactive.
E1111 00:38:38.368942 20508 15720 gcs_redis_failure_detector.cc:37] Redis is inactive.
E1111 00:38:38.480944 20508 15720 gcs_redis_failure_detector.cc:37] Redis is inactive.
E1111 00:38:38.588999 20508 15720 gcs_redis_failure_detector.cc:37] Redis is inactive.
E1111 00:38:38.697042 20508 15720 gcs_redis_failure_detector.cc:37] Redis is inactive.
E1111 00:38:38.809056 20508 15720 gcs_redis_failure_detector.cc:37] Redis is inactive.
E1111 00:38:38.917066 20508 15720 gcs_redis_failure_detector.cc:37] Redis is inactive.
E1111 00:38:39.022063 20508 15720 gcs_redis_failure_detector.cc:37] Redis is inactive.
E1111 00:38:39.134105 20508 15720 gcs_redis_failure_detector.cc:37] Redis is inactive.
E1111 00:38:39.246126 20508 15720 gcs_redis_failure_detector.cc:37] Redis is inactive.
E1111 00:38:39.358160 20508 15720 gcs_redis_failure_detector.cc:37] Redis is inactive.
E1111 00:38:39.470187 20508 15720 gcs_redis_failure_detector.cc:37] Redis is inactive.
E1111 00:38:39.574234 20508 15720 gcs_redis_failure_detector.cc:37] Redis is inactive.
E1111 00:38:39.686262 20508 15720 gcs_redis_failure_detector.cc:37] Redis is inactive.
E1111 00:38:39.791015 20508 15720 gcs_redis_failure_detector.cc:37] Redis is inactive.
E1111 00:38:39.903050 20508 15720 gcs_redis_failure_detector.cc:37] Redis is inactive.
E1111 00:38:40.011098 20508 15720 gcs_redis_failure_detector.cc:37] Redis is inactive.
E1111 00:38:40.119117 20508 15720 gcs_redis_failure_detector.cc:37] Redis is inactive.
E1111 00:38:40.223131 20508 15720 gcs_redis_failure_detector.cc:37] Redis is inactive.
E1111 00:38:40.332293 20508 15720 gcs_redis_failure_detector.cc:37] Redis is inactive.
E1111 00:38:40.435794 20508 15720 gcs_redis_failure_detector.cc:37] Redis is inactive.
E1111 00:38:40.543818 20508 15720 gcs_redis_failure_detector.cc:37] Redis is inactive.
E1111 00:38:40.651851 20508 15720 gcs_redis_failure_detector.cc:37] Redis is inactive.
E1111 00:38:40.762377 20508 15720 gcs_redis_failure_detector.cc:37] Redis is inactive.
E1111 00:38:40.869761 20508 15720 gcs_redis_failure_detector.cc:37] Redis is inactive.
E1111 00:38:40.977789 20508 15720 gcs_redis_failure_detector.cc:37] Redis is inactive.
E1111 00:38:41.081817 20508 15720 gcs_redis_failure_detector.cc:37] Redis is inactive.
E1111 00:38:41.189846 20508 15720 gcs_redis_failure_detector.cc:37] Redis is inactive.
E1111 00:38:41.298058 20508 15720 gcs_redis_failure_detector.cc:37] Redis is inactive.
E1111 00:38:41.410079 20508 15720 gcs_redis_failure_detector.cc:37] Redis is inactive.
E1111 00:38:41.518132 20508 15720 gcs_redis_failure_detector.cc:37] Redis is inactive.
E1111 00:38:41.622143 20508 15720 gcs_redis_failure_detector.cc:37] Redis is inactive.
E1111 00:38:41.722159 20508 15720 gcs_redis_failure_detector.cc:37] Redis is inactive.
E1111 00:38:41.834215 20508 15720 gcs_redis_failure_detector.cc:37] Redis is inactive.
E1111 00:38:41.946226 20508 15720 gcs_redis_failure_detector.cc:37] Redis is inactive.
E1111 00:38:42.050170 20508 15720 gcs_redis_failure_detector.cc:37] Redis is inactive.
E1111 00:38:42.178205 20508 15720 gcs_redis_failure_detector.cc:37] Redis is inactive.
E1111 00:38:42.286237 20508 15720 gcs_redis_failure_detector.cc:37] Redis is inactive.
E1111 00:38:42.394268 20508 15720 gcs_redis_failure_detector.cc:37] Redis is inactive.
E1111 00:38:42.506291 20508 15720 gcs_redis_failure_detector.cc:37] Redis is inactive.
E1111 00:38:42.614321 20508 15720 gcs_redis_failure_detector.cc:37] Redis is inactive.
E1111 00:38:42.718293 20508 15720 gcs_redis_failure_detector.cc:37] Redis is inactive.
E1111 00:38:42.830344 20508 15720 gcs_redis_failure_detector.cc:37] Redis is inactive.
E1111 00:38:42.942351 20508 15720 gcs_redis_failure_detector.cc:37] Redis is inactive.
E1111 00:38:43.047470 20508 15720 gcs_redis_failure_detector.cc:37] Redis is inactive.
E1111 00:38:43.155256 20508 15720 gcs_redis_failure_detector.cc:37] Redis is inactive.
E1111 00:38:43.267283 20508 15720 gcs_redis_failure_detector.cc:37] Redis is inactive.
E1111 00:38:43.378340 20508 15720 gcs_redis_failure_detector.cc:37] Redis is inactive.
E1111 00:38:43.483544 20508 15720 gcs_redis_failure_detector.cc:37] Redis is inactive.
E1111 00:38:43.584666 20508 15720 gcs_redis_failure_detector.cc:37] Redis is inactive.
E1111 00:38:43.694860 20508 15720 gcs_redis_failure_detector.cc:37] Redis is inactive.
E1111 00:38:43.806381 20508 15720 gcs_redis_failure_detector.cc:37] Redis is inactive.
E1111 00:38:43.909185 20508 15720 gcs_redis_failure_detector.cc:37] Redis is inactive.
E1111 00:38:44.020328 20508 15720 gcs_redis_failure_detector.cc:37] Redis is inactive.
E1111 00:38:44.131911 20508 15720 gcs_redis_failure_detector.cc:37] Redis is inactive.
E1111 00:38:44.233135 20508 15720 gcs_redis_failure_detector.cc:37] Redis is inactive.
E1111 00:38:44.340987 20508 15720 gcs_redis_failure_detector.cc:37] Redis is inactive.
E1111 00:38:44.450920 20508 15720 gcs_redis_failure_detector.cc:37] Redis is inactive.
E1111 00:38:44.562649 20508 15720 gcs_redis_failure_detector.cc:37] Redis is inactive.
E1111 00:38:44.664042 20508 15720 gcs_redis_failure_detector.cc:37] Redis is inactive.
E1111 00:38:44.774585 20508 15720 gcs_redis_failure_detector.cc:37] Redis is inactive.
E1111 00:38:44.885782 20508 15720 gcs_redis_failure_detector.cc:37] Redis is inactive.
E1111 00:38:44.987969 20508 15720 gcs_redis_failure_detector.cc:37] Redis is inactive.
E1111 00:38:45.088335 20508 15720 gcs_redis_failure_detector.cc:37] Redis is inactive.
E1111 00:38:45.192323 20508 15720 gcs_redis_failure_detector.cc:37] Redis is inactive.
E1111 00:38:45.302292 20508 15720 gcs_redis_failure_detector.cc:37] Redis is inactive.
E1111 00:38:45.402659 20508 15720 gcs_redis_failure_detector.cc:37] Redis is inactive.
E1111 00:38:45.508810 20508 15720 gcs_redis_failure_detector.cc:37] Redis is inactive.
E1111 00:38:45.610658 20508 15720 gcs_redis_failure_detector.cc:37] Redis is inactive.
E1111 00:38:45.722787 20508 15720 gcs_redis_failure_detector.cc:37] Redis is inactive.
E1111 00:38:45.823443 20508 15720 gcs_redis_failure_detector.cc:37] Redis is inactive.
E1111 00:38:45.926775 20508 15720 gcs_redis_failure_detector.cc:37] Redis is inactive.
E1111 00:38:46.038290 20508 15720 gcs_redis_failure_detector.cc:37] Redis is inactive.
E1111 00:38:46.140038 20508 15720 gcs_redis_failure_detector.cc:37] Redis is inactive.
E1111 00:38:46.241305 20508 15720 gcs_redis_failure_detector.cc:37] Redis is inactive.
E1111 00:38:46.347729 20508 15720 gcs_redis_failure_detector.cc:37] Redis is inactive.
E1111 00:38:46.451758 20508 15720 gcs_redis_failure_detector.cc:37] Redis is inactive.
E1111 00:38:46.551784 20508 15720 gcs_redis_failure_detector.cc:37] Redis is inactive.
E1111 00:38:46.654655 20508 15720 gcs_redis_failure_detector.cc:37] Redis is inactive.
E1111 00:38:46.756405 20508 15720 gcs_redis_failure_detector.cc:37] Redis is inactive.
E1111 00:38:46.864411 20508 15720 gcs_redis_failure_detector.cc:37] Redis is inactive.
E1111 00:38:46.969542 20508 15720 gcs_redis_failure_detector.cc:37] Redis is inactive.
E1111 00:38:47.071998 20508 15720 gcs_redis_failure_detector.cc:37] Redis is inactive.
E1111 00:38:47.172020 20508 15720 gcs_redis_failure_detector.cc:37] Redis is inactive.
E1111 00:38:47.280046 20508 15720 gcs_redis_failure_detector.cc:37] Redis is inactive.
F1111 00:38:47.317507 20508 15720 gcs_node_manager.cc:332]  Check failed: _s.ok() Bad status: NotImplemented: ...
*** Check failure stack trace: ***
    @   00007FF69F6C85BC  public: __cdecl google::LogMessage::~LogMessage(void) __ptr64
    @   00007FF69F500EC4  public: virtual __cdecl google::NullStreamFatal::~NullStreamFatal(void) __ptr64
    @   00007FF69F57262A  public: void __cdecl google::NullStreamFatal::`vbase destructor'(void) __ptr64
    @   00007FF69F579A2C  public: void __cdecl google::NullStreamFatal::`vbase destructor'(void) __ptr64
    @   00007FF69F56F070  public: void __cdecl google::NullStreamFatal::`vbase destructor'(void) __ptr64
    @   00007FF69F579898  public: void __cdecl google::NullStreamFatal::`vbase destructor'(void) __ptr64
    @   00007FF69F579528  public: void __cdecl google::NullStreamFatal::`vbase destructor'(void) __ptr64
    @   00007FF69F508240  public: void __cdecl google::NullStreamFatal::`vbase destructor'(void) __ptr64
    @   00007FF69F502290  public: void __cdecl google::NullStreamFatal::`vbase destructor'(void) __ptr64
    @   00007FF69F5021DB  public: void __cdecl google::NullStreamFatal::`vbase destructor'(void) __ptr64
    @   00007FF69F491741  Ordinal0
    @   00007FF69FA140F1  bool __cdecl google::Demangle(char const * __ptr64,char * __ptr64,int)
    @   00007FFBF3257034  BaseThreadInitThunk
    @   00007FFBF4962651  RtlUserThreadStart
